# JRE version: OpenJDK Runtime Environment GraalVM CE 21.3.0 (11.0.13+7) (build 11.0.13+7-jvmci-21.3-b05)
# Java VM: OpenJDK 64-Bit Server VM GraalVM CE 21.3.0 (11.0.13+7-jvmci-21.3-b05, mixed mode, sharing, tiered, jvmci, jvmci compiler, compressed oops, g1 gc, bsd-amd64)
Heap:
 garbage-first heap   total 745472K, used 246619K [0x0000000600000000, 0x0000000800000000)
  region size 2048K, 88 young (180224K), 1 survivors (2048K)
 Metaspace       used 74597K, capacity 77960K, committed 78128K, reserved 1118208K
  class space    used 8911K, capacity 10276K, committed 10368K, reserved 1048576K
GC Heap History (20 events):
Event: 195.782 GC heap before
{Heap before GC invocations=120 (full 0):
 garbage-first heap   total 745472K, used 514909K [0x0000000600000000, 0x0000000800000000)
  region size 2048K, 218 young (446464K), 1 survivors (2048K)
 Metaspace       used 74241K, capacity 77501K, committed 77744K, reserved 1116160K
  class space    used 8838K, capacity 10164K, committed 10240K, reserved 1048576K
}
Event: 195.784 GC heap after
{Heap after GC invocations=121 (full 0):
 garbage-first heap   total 745472K, used 70491K [0x0000000600000000, 0x0000000800000000)
  region size 2048K, 1 young (2048K), 1 survivors (2048K)
 Metaspace       used 74241K, capacity 77501K, committed 77744K, reserved 1116160K
  class space    used 8838K, capacity 10164K, committed 10240K, reserved 1048576K
}
Event: 196.678 GC heap before
{Heap before GC invocations=121 (full 0):
 garbage-first heap   total 745472K, used 514907K [0x0000000600000000, 0x0000000800000000)
  region size 2048K, 218 young (446464K), 1 survivors (2048K)
 Metaspace       used 74241K, capacity 77501K, committed 77744K, reserved 1116160K
  class space    used 8838K, capacity 10164K, committed 10240K, reserved 1048576K
}
Event: 196.679 GC heap after
{Heap after GC invocations=122 (full 0):
 garbage-first heap   total 745472K, used 70491K [0x0000000600000000, 0x0000000800000000)
  region size 2048K, 1 young (2048K), 1 survivors (2048K)
 Metaspace       used 74241K, capacity 77501K, committed 77744K, reserved 1116160K
  class space    used 8838K, capacity 10164K, committed 10240K, reserved 1048576K
}
Event: 197.542 GC heap before
{Heap before GC invocations=122 (full 0):
 garbage-first heap   total 745472K, used 514907K [0x0000000600000000, 0x0000000800000000)
  region size 2048K, 218 young (446464K), 1 survivors (2048K)
 Metaspace       used 74241K, capacity 77501K, committed 77744K, reserved 1116160K
  class space    used 8838K, capacity 10164K, committed 10240K, reserved 1048576K
}
Event: 197.544 GC heap after
{Heap after GC invocations=123 (full 0):
 garbage-first heap   total 745472K, used 70489K [0x0000000600000000, 0x0000000800000000)
  region size 2048K, 1 young (2048K), 1 survivors (2048K)
 Metaspace       used 74241K, capacity 77501K, committed 77744K, reserved 1116160K
  class space    used 8838K, capacity 10164K, committed 10240K, reserved 1048576K
}
Event: 198.389 GC heap before
{Heap before GC invocations=123 (full 0):
 garbage-first heap   total 745472K, used 514905K [0x0000000600000000, 0x0000000800000000)
  region size 2048K, 218 young (446464K), 1 survivors (2048K)
 Metaspace       used 74241K, capacity 77501K, committed 77744K, reserved 1116160K
  class space    used 8838K, capacity 10164K, committed 10240K, reserved 1048576K
}
Event: 198.391 GC heap after
{Heap after GC invocations=124 (full 0):
 garbage-first heap   total 745472K, used 70487K [0x0000000600000000, 0x0000000800000000)
  region size 2048K, 1 young (2048K), 1 survivors (2048K)
 Metaspace       used 74241K, capacity 77501K, committed 77744K, reserved 1116160K
  class space    used 8838K, capacity 10164K, committed 10240K, reserved 1048576K
}
Event: 199.241 GC heap before
{Heap before GC invocations=124 (full 0):
 garbage-first heap   total 745472K, used 514903K [0x0000000600000000, 0x0000000800000000)
  region size 2048K, 218 young (446464K), 1 survivors (2048K)
 Metaspace       used 74241K, capacity 77501K, committed 77744K, reserved 1116160K
  class space    used 8838K, capacity 10164K, committed 10240K, reserved 1048576K
}
Event: 199.242 GC heap after
{Heap after GC invocations=125 (full 0):
 garbage-first heap   total 745472K, used 70485K [0x0000000600000000, 0x0000000800000000)
  region size 2048K, 1 young (2048K), 1 survivors (2048K)
 Metaspace       used 74241K, capacity 77501K, committed 77744K, reserved 1116160K
  class space    used 8838K, capacity 10164K, committed 10240K, reserved 1048576K
}
Event: 200.114 GC heap before
{Heap before GC invocations=125 (full 0):
 garbage-first heap   total 745472K, used 514901K [0x0000000600000000, 0x0000000800000000)
  region size 2048K, 218 young (446464K), 1 survivors (2048K)
 Metaspace       used 74241K, capacity 77501K, committed 77744K, reserved 1116160K
  class space    used 8838K, capacity 10164K, committed 10240K, reserved 1048576K
}
Event: 200.115 GC heap after
{Heap after GC invocations=126 (full 0):
 garbage-first heap   total 745472K, used 70489K [0x0000000600000000, 0x0000000800000000)
  region size 2048K, 1 young (2048K), 1 survivors (2048K)
 Metaspace       used 74241K, capacity 77501K, committed 77744K, reserved 1116160K
  class space    used 8838K, capacity 10164K, committed 10240K, reserved 1048576K
}
Event: 201.040 GC heap before
{Heap before GC invocations=126 (full 0):
 garbage-first heap   total 745472K, used 514905K [0x0000000600000000, 0x0000000800000000)
  region size 2048K, 218 young (446464K), 1 survivors (2048K)
 Metaspace       used 74241K, capacity 77501K, committed 77744K, reserved 1116160K
  class space    used 8838K, capacity 10164K, committed 10240K, reserved 1048576K
}
Event: 201.041 GC heap after
{Heap after GC invocations=127 (full 0):
 garbage-first heap   total 745472K, used 70491K [0x0000000600000000, 0x0000000800000000)
  region size 2048K, 1 young (2048K), 1 survivors (2048K)
 Metaspace       used 74241K, capacity 77501K, committed 77744K, reserved 1116160K
  class space    used 8838K, capacity 10164K, committed 10240K, reserved 1048576K
}
Event: 202.017 GC heap before
{Heap before GC invocations=127 (full 0):
 garbage-first heap   total 745472K, used 514907K [0x0000000600000000, 0x0000000800000000)
  region size 2048K, 218 young (446464K), 1 survivors (2048K)
 Metaspace       used 74241K, capacity 77501K, committed 77744K, reserved 1116160K
  class space    used 8838K, capacity 10164K, committed 10240K, reserved 1048576K
}
Event: 202.019 GC heap after
{Heap after GC invocations=128 (full 0):
 garbage-first heap   total 745472K, used 70491K [0x0000000600000000, 0x0000000800000000)
  region size 2048K, 1 young (2048K), 1 survivors (2048K)
 Metaspace       used 74241K, capacity 77501K, committed 77744K, reserved 1116160K
  class space    used 8838K, capacity 10164K, committed 10240K, reserved 1048576K
}
Event: 202.888 GC heap before
{Heap before GC invocations=128 (full 0):
 garbage-first heap   total 745472K, used 514907K [0x0000000600000000, 0x0000000800000000)
  region size 2048K, 218 young (446464K), 1 survivors (2048K)
 Metaspace       used 74241K, capacity 77501K, committed 77744K, reserved 1116160K
  class space    used 8838K, capacity 10164K, committed 10240K, reserved 1048576K
}
Event: 202.890 GC heap after
{Heap after GC invocations=129 (full 0):
 garbage-first heap   total 745472K, used 70493K [0x0000000600000000, 0x0000000800000000)
  region size 2048K, 1 young (2048K), 1 survivors (2048K)
 Metaspace       used 74241K, capacity 77501K, committed 77744K, reserved 1116160K
  class space    used 8838K, capacity 10164K, committed 10240K, reserved 1048576K
}
Event: 203.746 GC heap before
{Heap before GC invocations=129 (full 0):
 garbage-first heap   total 745472K, used 514909K [0x0000000600000000, 0x0000000800000000)
  region size 2048K, 218 young (446464K), 1 survivors (2048K)
 Metaspace       used 74241K, capacity 77501K, committed 77744K, reserved 1116160K
  class space    used 8838K, capacity 10164K, committed 10240K, reserved 1048576K
}
Event: 203.748 GC heap after
{Heap after GC invocations=130 (full 0):
 garbage-first heap   total 745472K, used 70491K [0x0000000600000000, 0x0000000800000000)
  region size 2048K, 1 young (2048K), 1 survivors (2048K)
 Metaspace       used 74241K, capacity 77501K, committed 77744K, reserved 1116160K
  class space    used 8838K, capacity 10164K, committed 10240K, reserved 1048576K
}

